[11:06:08] [ServerMain/INFO]: Building unoptimized datafixer
[11:06:10] [ServerMain/INFO]: Environment: authHost='https://authserver.mojang.com', accountsHost='https://api.mojang.com', sessionHost='https://sessionserver.mojang.com', servicesHost='https://api.minecraftservices.com', name='PROD'
[11:06:14] [ServerMain/INFO]: Loaded 7 recipes
[11:06:17] [Server thread/INFO]: Starting minecraft server version 1.19.3
[11:06:17] [Server thread/INFO]: Loading properties
[11:06:17] [Server thread/INFO]: This server is running CraftBukkit version 3640-Spigot-19641c7-ab8ace6 (MC: 1.19.3) (Implementing API version 1.19.3-R0.1-SNAPSHOT)
[11:06:17] [Server thread/INFO]: Debug logging is disabled
[11:06:17] [Server thread/INFO]: Server Ping Player Sample Count: 12
[11:06:17] [Server thread/INFO]: Using 4 threads for Netty based IO
[11:06:17] [Server thread/INFO]: Default game type: SURVIVAL
[11:06:17] [Server thread/INFO]: Generating keypair
[11:06:17] [Server thread/INFO]: Starting Minecraft server on *:25565
[11:06:18] [Server thread/INFO]: Using epoll channel type
[11:06:18] [Server thread/WARN]: Initializing Legacy Material Support. Unless you have legacy plugins and/or data this is a bug!
[11:06:26] [Server thread/WARN]: Legacy plugin RaspberryJuice v1.10 does not specify an api-version.
[11:06:26] [Server thread/INFO]: [RaspberryJuice] Loading RaspberryJuice v1.10
[11:06:26] [Server thread/WARN]: **** SERVER IS RUNNING IN OFFLINE/INSECURE MODE!
[11:06:26] [Server thread/WARN]: The server will make no attempt to authenticate usernames. Beware.
[11:06:26] [Server thread/WARN]: While this makes the game possible to play without internet access, it also opens up the ability for hackers to connect with any username they choose.
[11:06:26] [Server thread/WARN]: To change this, set "online-mode" to "true" in the server.properties file.
[11:06:26] [Server thread/INFO]: Preparing level "world"
[11:06:27] [Server thread/INFO]: -------- World Settings For [world] --------
[11:06:27] [Server thread/INFO]: Entity Activation Range: An 32 / Mo 32 / Ra 48 / Mi 16 / Tiv true / Isa false
[11:06:27] [Server thread/INFO]: Entity Tracking Range: Pl 48 / An 48 / Mo 48 / Mi 32 / Other 64
[11:06:27] [Server thread/INFO]: Hopper Transfer: 8 Hopper Check: 1 Hopper Amount: 1 Hopper Can Load Chunks: false
[11:06:27] [Server thread/INFO]: Custom Map Seeds:  Village: 10387312 Desert: 14357617 Igloo: 14357618 Jungle: 14357619 Swamp: 14357620 Monument: 10387313 Ocean: 14357621 Shipwreck: 165745295 End City: 10387313 Slime: 987234911 Nether: 30084232 Mansion: 10387319 Fossil: 14357921 Portal: 34222645
[11:06:27] [Server thread/INFO]: Max TNT Explosions: 100
[11:06:27] [Server thread/INFO]: Tile Max Tick Time: 50ms Entity max Tick Time: 50ms
[11:06:27] [Server thread/INFO]: Mob Spawn Range: 6
[11:06:27] [Server thread/INFO]: Experience Merge Radius: 3.0
[11:06:27] [Server thread/INFO]: Cactus Growth Modifier: 100%
[11:06:27] [Server thread/INFO]: Cane Growth Modifier: 100%
[11:06:27] [Server thread/INFO]: Melon Growth Modifier: 100%
[11:06:27] [Server thread/INFO]: Mushroom Growth Modifier: 100%
[11:06:27] [Server thread/INFO]: Pumpkin Growth Modifier: 100%
[11:06:27] [Server thread/INFO]: Sapling Growth Modifier: 100%
[11:06:27] [Server thread/INFO]: Beetroot Growth Modifier: 100%
[11:06:27] [Server thread/INFO]: Carrot Growth Modifier: 100%
[11:06:27] [Server thread/INFO]: Potato Growth Modifier: 100%
[11:06:27] [Server thread/INFO]: Wheat Growth Modifier: 100%
[11:06:27] [Server thread/INFO]: NetherWart Growth Modifier: 100%
[11:06:27] [Server thread/INFO]: Vine Growth Modifier: 100%
[11:06:27] [Server thread/INFO]: Cocoa Growth Modifier: 100%
[11:06:27] [Server thread/INFO]: Bamboo Growth Modifier: 100%
[11:06:27] [Server thread/INFO]: SweetBerry Growth Modifier: 100%
[11:06:27] [Server thread/INFO]: Kelp Growth Modifier: 100%
[11:06:27] [Server thread/INFO]: TwistingVines Growth Modifier: 100%
[11:06:27] [Server thread/INFO]: WeepingVines Growth Modifier: 100%
[11:06:27] [Server thread/INFO]: CaveVines Growth Modifier: 100%
[11:06:27] [Server thread/INFO]: Zombie Aggressive Towards Villager: true
[11:06:27] [Server thread/INFO]: Item Merge Radius: 2.5
[11:06:27] [Server thread/INFO]: Item Despawn Rate: 6000
[11:06:27] [Server thread/INFO]: View Distance: 10
[11:06:27] [Server thread/INFO]: Simulation Distance: 10
[11:06:27] [Server thread/INFO]: Allow Zombie Pigmen to spawn from portal blocks: true
[11:06:27] [Server thread/INFO]: Arrow Despawn Rate: 1200 Trident Respawn Rate:1200
[11:06:27] [Server thread/INFO]: Nerfing mobs spawned from spawners: false
[11:06:28] [Server thread/INFO]: -------- World Settings For [world_nether] --------
[11:06:28] [Server thread/INFO]: Entity Activation Range: An 32 / Mo 32 / Ra 48 / Mi 16 / Tiv true / Isa false
[11:06:28] [Server thread/INFO]: Entity Tracking Range: Pl 48 / An 48 / Mo 48 / Mi 32 / Other 64
[11:06:28] [Server thread/INFO]: Hopper Transfer: 8 Hopper Check: 1 Hopper Amount: 1 Hopper Can Load Chunks: false
[11:06:28] [Server thread/INFO]: Custom Map Seeds:  Village: 10387312 Desert: 14357617 Igloo: 14357618 Jungle: 14357619 Swamp: 14357620 Monument: 10387313 Ocean: 14357621 Shipwreck: 165745295 End City: 10387313 Slime: 987234911 Nether: 30084232 Mansion: 10387319 Fossil: 14357921 Portal: 34222645
[11:06:28] [Server thread/INFO]: Max TNT Explosions: 100
[11:06:28] [Server thread/INFO]: Tile Max Tick Time: 50ms Entity max Tick Time: 50ms
[11:06:28] [Server thread/INFO]: Mob Spawn Range: 6
[11:06:28] [Server thread/INFO]: Experience Merge Radius: 3.0
[11:06:28] [Server thread/INFO]: Cactus Growth Modifier: 100%
[11:06:28] [Server thread/INFO]: Cane Growth Modifier: 100%
[11:06:28] [Server thread/INFO]: Melon Growth Modifier: 100%
[11:06:28] [Server thread/INFO]: Mushroom Growth Modifier: 100%
[11:06:28] [Server thread/INFO]: Pumpkin Growth Modifier: 100%
[11:06:28] [Server thread/INFO]: Sapling Growth Modifier: 100%
[11:06:28] [Server thread/INFO]: Beetroot Growth Modifier: 100%
[11:06:28] [Server thread/INFO]: Carrot Growth Modifier: 100%
[11:06:28] [Server thread/INFO]: Potato Growth Modifier: 100%
[11:06:28] [Server thread/INFO]: Wheat Growth Modifier: 100%
[11:06:28] [Server thread/INFO]: NetherWart Growth Modifier: 100%
[11:06:28] [Server thread/INFO]: Vine Growth Modifier: 100%
[11:06:28] [Server thread/INFO]: Cocoa Growth Modifier: 100%
[11:06:28] [Server thread/INFO]: Bamboo Growth Modifier: 100%
[11:06:28] [Server thread/INFO]: SweetBerry Growth Modifier: 100%
[11:06:28] [Server thread/INFO]: Kelp Growth Modifier: 100%
[11:06:28] [Server thread/INFO]: TwistingVines Growth Modifier: 100%
[11:06:28] [Server thread/INFO]: WeepingVines Growth Modifier: 100%
[11:06:28] [Server thread/INFO]: CaveVines Growth Modifier: 100%
[11:06:28] [Server thread/INFO]: Zombie Aggressive Towards Villager: true
[11:06:28] [Server thread/INFO]: Item Merge Radius: 2.5
[11:06:28] [Server thread/INFO]: Item Despawn Rate: 6000
[11:06:28] [Server thread/INFO]: View Distance: 10
[11:06:28] [Server thread/INFO]: Simulation Distance: 10
[11:06:28] [Server thread/INFO]: Allow Zombie Pigmen to spawn from portal blocks: true
[11:06:28] [Server thread/INFO]: Arrow Despawn Rate: 1200 Trident Respawn Rate:1200
[11:06:28] [Server thread/INFO]: Nerfing mobs spawned from spawners: false
[11:06:32] [Server thread/INFO]: -------- World Settings For [world_the_end] --------
[11:06:32] [Server thread/INFO]: Entity Activation Range: An 32 / Mo 32 / Ra 48 / Mi 16 / Tiv true / Isa false
[11:06:32] [Server thread/INFO]: Entity Tracking Range: Pl 48 / An 48 / Mo 48 / Mi 32 / Other 64
[11:06:32] [Server thread/INFO]: Hopper Transfer: 8 Hopper Check: 1 Hopper Amount: 1 Hopper Can Load Chunks: false
[11:06:32] [Server thread/INFO]: Custom Map Seeds:  Village: 10387312 Desert: 14357617 Igloo: 14357618 Jungle: 14357619 Swamp: 14357620 Monument: 10387313 Ocean: 14357621 Shipwreck: 165745295 End City: 10387313 Slime: 987234911 Nether: 30084232 Mansion: 10387319 Fossil: 14357921 Portal: 34222645
[11:06:32] [Server thread/INFO]: Max TNT Explosions: 100
[11:06:32] [Server thread/INFO]: Tile Max Tick Time: 50ms Entity max Tick Time: 50ms
[11:06:32] [Server thread/INFO]: Mob Spawn Range: 6
[11:06:32] [Server thread/INFO]: Experience Merge Radius: 3.0
[11:06:32] [Server thread/INFO]: Cactus Growth Modifier: 100%
[11:06:32] [Server thread/INFO]: Cane Growth Modifier: 100%
[11:06:32] [Server thread/INFO]: Melon Growth Modifier: 100%
[11:06:32] [Server thread/INFO]: Mushroom Growth Modifier: 100%
[11:06:32] [Server thread/INFO]: Pumpkin Growth Modifier: 100%
[11:06:32] [Server thread/INFO]: Sapling Growth Modifier: 100%
[11:06:32] [Server thread/INFO]: Beetroot Growth Modifier: 100%
[11:06:32] [Server thread/INFO]: Carrot Growth Modifier: 100%
[11:06:32] [Server thread/INFO]: Potato Growth Modifier: 100%
[11:06:32] [Server thread/INFO]: Wheat Growth Modifier: 100%
[11:06:32] [Server thread/INFO]: NetherWart Growth Modifier: 100%
[11:06:32] [Server thread/INFO]: Vine Growth Modifier: 100%
[11:06:32] [Server thread/INFO]: Cocoa Growth Modifier: 100%
[11:06:32] [Server thread/INFO]: Bamboo Growth Modifier: 100%
[11:06:32] [Server thread/INFO]: SweetBerry Growth Modifier: 100%
[11:06:32] [Server thread/INFO]: Kelp Growth Modifier: 100%
[11:06:32] [Server thread/INFO]: TwistingVines Growth Modifier: 100%
[11:06:32] [Server thread/INFO]: WeepingVines Growth Modifier: 100%
[11:06:32] [Server thread/INFO]: CaveVines Growth Modifier: 100%
[11:06:32] [Server thread/INFO]: Zombie Aggressive Towards Villager: true
[11:06:32] [Server thread/INFO]: Item Merge Radius: 2.5
[11:06:32] [Server thread/INFO]: Item Despawn Rate: 6000
[11:06:32] [Server thread/INFO]: View Distance: 10
[11:06:32] [Server thread/INFO]: Simulation Distance: 10
[11:06:32] [Server thread/INFO]: Allow Zombie Pigmen to spawn from portal blocks: true
[11:06:32] [Server thread/INFO]: Arrow Despawn Rate: 1200 Trident Respawn Rate:1200
[11:06:32] [Server thread/INFO]: Nerfing mobs spawned from spawners: false
[11:06:33] [Server thread/INFO]: Preparing start region for dimension minecraft:overworld
[11:06:37] [Worker-Main-1/INFO]: Preparing spawn area: 0%
[11:06:37] [Worker-Main-3/INFO]: Preparing spawn area: 0%
[11:06:37] [Worker-Main-3/INFO]: Preparing spawn area: 0%
[11:06:37] [Worker-Main-3/INFO]: Preparing spawn area: 0%
[11:06:37] [Worker-Main-3/INFO]: Preparing spawn area: 0%
[11:06:37] [Worker-Main-2/INFO]: Preparing spawn area: 0%
[11:06:37] [Worker-Main-2/INFO]: Preparing spawn area: 0%
[11:06:37] [Worker-Main-2/INFO]: Preparing spawn area: 0%
[11:06:37] [Worker-Main-2/INFO]: Preparing spawn area: 0%
[11:06:37] [Worker-Main-2/INFO]: Preparing spawn area: 0%
[11:06:38] [Worker-Main-1/INFO]: Preparing spawn area: 0%
[11:06:38] [Worker-Main-3/INFO]: Preparing spawn area: 4%
[11:06:39] [Worker-Main-1/INFO]: Preparing spawn area: 14%
[11:06:39] [Worker-Main-1/INFO]: Preparing spawn area: 25%
[11:06:40] [Worker-Main-2/INFO]: Preparing spawn area: 52%
[11:06:40] [Worker-Main-3/INFO]: Preparing spawn area: 56%
[11:06:41] [Worker-Main-1/INFO]: Preparing spawn area: 62%
[11:06:41] [Worker-Main-1/INFO]: Preparing spawn area: 67%
[11:06:42] [Worker-Main-1/INFO]: Preparing spawn area: 68%
[11:06:42] [Worker-Main-3/INFO]: Preparing spawn area: 68%
[11:06:43] [Worker-Main-3/INFO]: Preparing spawn area: 68%
[11:06:43] [Worker-Main-2/INFO]: Preparing spawn area: 68%
[11:06:44] [Worker-Main-3/INFO]: Preparing spawn area: 69%
[11:06:44] [Worker-Main-1/INFO]: Preparing spawn area: 69%
[11:06:45] [Worker-Main-1/INFO]: Preparing spawn area: 69%
[11:06:45] [Worker-Main-1/INFO]: Preparing spawn area: 70%
[11:06:46] [Worker-Main-1/INFO]: Preparing spawn area: 72%
[11:06:46] [Worker-Main-3/INFO]: Preparing spawn area: 72%
[11:06:47] [Worker-Main-1/INFO]: Preparing spawn area: 74%
[11:06:47] [Worker-Main-1/INFO]: Preparing spawn area: 75%
[11:06:48] [Worker-Main-1/INFO]: Preparing spawn area: 77%
[11:06:48] [Worker-Main-2/INFO]: Preparing spawn area: 78%
[11:06:49] [Worker-Main-3/INFO]: Preparing spawn area: 80%
[11:06:49] [Worker-Main-3/INFO]: Preparing spawn area: 82%
[11:06:50] [Worker-Main-3/INFO]: Preparing spawn area: 83%
[11:06:50] [Worker-Main-3/INFO]: Preparing spawn area: 83%
[11:06:51] [Worker-Main-3/INFO]: Preparing spawn area: 84%
[11:06:51] [Worker-Main-3/INFO]: Preparing spawn area: 84%
[11:06:52] [Worker-Main-1/INFO]: Preparing spawn area: 85%
[11:06:52] [Worker-Main-2/INFO]: Preparing spawn area: 86%
[11:06:53] [Worker-Main-2/INFO]: Preparing spawn area: 87%
[11:06:53] [Worker-Main-3/INFO]: Preparing spawn area: 88%
[11:06:54] [Worker-Main-3/INFO]: Preparing spawn area: 90%
[11:06:54] [Worker-Main-3/INFO]: Preparing spawn area: 91%
[11:06:55] [Worker-Main-1/INFO]: Preparing spawn area: 93%
[11:06:55] [Worker-Main-3/INFO]: Preparing spawn area: 94%
[11:06:56] [Worker-Main-2/INFO]: Preparing spawn area: 96%
[11:06:56] [Worker-Main-2/INFO]: Preparing spawn area: 96%
[11:06:57] [Worker-Main-3/INFO]: Preparing spawn area: 97%
[11:06:57] [Worker-Main-2/INFO]: Preparing spawn area: 99%
[11:06:57] [Server thread/INFO]: Time elapsed: 24750 ms
[11:06:57] [Server thread/INFO]: Preparing start region for dimension minecraft:the_nether
[11:07:00] [Worker-Main-3/INFO]: Preparing spawn area: 0%
[11:07:00] [Worker-Main-1/INFO]: Preparing spawn area: 0%
[11:07:00] [Worker-Main-1/INFO]: Preparing spawn area: 0%
[11:07:00] [Worker-Main-1/INFO]: Preparing spawn area: 0%
[11:07:00] [Worker-Main-1/INFO]: Preparing spawn area: 0%
[11:07:00] [Worker-Main-2/INFO]: Preparing spawn area: 0%
[11:07:00] [Worker-Main-1/INFO]: Preparing spawn area: 8%
[11:07:01] [Worker-Main-2/INFO]: Preparing spawn area: 48%
[11:07:01] [Worker-Main-2/INFO]: Preparing spawn area: 65%
[11:07:02] [Worker-Main-3/INFO]: Preparing spawn area: 68%
[11:07:02] [Worker-Main-3/INFO]: Preparing spawn area: 69%
[11:07:03] [Worker-Main-3/INFO]: Preparing spawn area: 70%
[11:07:03] [Worker-Main-2/INFO]: Preparing spawn area: 70%
[11:07:04] [Worker-Main-2/INFO]: Preparing spawn area: 72%
[11:07:04] [Worker-Main-3/INFO]: Preparing spawn area: 74%
[11:07:05] [Worker-Main-2/INFO]: Preparing spawn area: 77%
[11:07:05] [Worker-Main-2/INFO]: Preparing spawn area: 79%
[11:07:06] [Worker-Main-2/INFO]: Preparing spawn area: 83%
[11:07:06] [Worker-Main-3/INFO]: Preparing spawn area: 84%
[11:07:07] [Worker-Main-3/INFO]: Preparing spawn area: 85%
[11:07:07] [Worker-Main-3/INFO]: Preparing spawn area: 86%
[11:07:08] [Worker-Main-2/INFO]: Preparing spawn area: 89%
[11:07:08] [Worker-Main-3/INFO]: Preparing spawn area: 91%
[11:07:09] [Worker-Main-3/INFO]: Preparing spawn area: 93%
[11:07:09] [Worker-Main-2/INFO]: Preparing spawn area: 96%
[11:07:10] [Worker-Main-2/INFO]: Preparing spawn area: 99%
[11:07:10] [Server thread/INFO]: Time elapsed: 12711 ms
[11:07:10] [Server thread/INFO]: Preparing start region for dimension minecraft:the_end
[11:07:12] [Worker-Main-1/INFO]: Preparing spawn area: 0%
[11:07:12] [Worker-Main-1/INFO]: Preparing spawn area: 0%
[11:07:12] [Worker-Main-1/INFO]: Preparing spawn area: 0%
[11:07:12] [Worker-Main-1/INFO]: Preparing spawn area: 0%
[11:07:12] [Worker-Main-1/INFO]: Preparing spawn area: 0%
[11:07:13] [Worker-Main-3/INFO]: Preparing spawn area: 18%
[11:07:13] [Worker-Main-3/INFO]: Preparing spawn area: 54%
[11:07:14] [Worker-Main-3/INFO]: Preparing spawn area: 69%
[11:07:14] [Worker-Main-1/INFO]: Preparing spawn area: 78%
[11:07:15] [Worker-Main-1/INFO]: Preparing spawn area: 83%
[11:07:15] [Worker-Main-3/INFO]: Preparing spawn area: 90%
[11:07:15] [Server thread/INFO]: Time elapsed: 5351 ms
